<?xml version="1.0" encoding="UTF-8"?>
<!-- Generated by org.testng.reporters.JUnitReportReporter -->
<testsuite hostname="GHAP" failures="0" tests="1" name="KeywordDriven.Application" time="38.934" errors="0" timestamp="2022-04-01T11:15:21 PDT" skipped="0">
  <testcase classname="KeywordDriven.Application" name="verifyInvalidLogin" time="38.934"/>
  <system-out/>
</testsuite> <!-- KeywordDriven.Application -->
