<?xml version="1.0" encoding="UTF-8"?>
<!-- Generated by org.testng.reporters.JUnitReportReporter -->
<testsuite hostname="GHAP" failures="0" tests="1" name="com.webappsecurity.zero.testscripts.VerifyTransferFunds" time="13.068" errors="0" timestamp="2022-03-30T10:51:19 PDT" skipped="0">
  <testcase classname="com.webappsecurity.zero.testscripts.VerifyTransferFunds" name="verifyFundTransfer" time="13.068"/>
  <system-out/>
</testsuite> <!-- com.webappsecurity.zero.testscripts.VerifyTransferFunds -->
